TN:
SF:D:\Plan\projects\jike\htime-builder-webpack\lib\webpack.base.conf.js
FN:9,(anonymous_0)
FN:14,(anonymous_1)
FN:93,errorPlugin
FN:94,(anonymous_3)
FNF:4
FNH:2
FNDA:1,(anonymous_0)
FNDA:2,(anonymous_1)
FNDA:0,errorPlugin
FNDA:0,(anonymous_3)
DA:1,1
DA:2,1
DA:3,1
DA:4,1
DA:5,1
DA:6,1
DA:8,1
DA:9,1
DA:10,1
DA:11,1
DA:12,1
DA:14,1
DA:15,2
DA:16,2
DA:17,2
DA:19,2
DA:20,2
DA:38,1
DA:44,1
DA:46,1
DA:94,0
DA:95,0
DA:100,0
DA:101,0
LF:24
LH:20
BRDA:17,0,0,2
BRDA:17,0,1,2
BRDA:95,1,0,0
BRDA:95,1,1,0
BRDA:96,2,0,0
BRDA:96,2,1,0
BRDA:96,2,2,0
BRF:7
BRH:2
end_of_record
